<?xml version="1.0" encoding="UTF-8"?>
<TestRun id="67e55280-02a7-4eb0-bd14-382406e6515d" name="Juan@CARMEN-PC 2014-11-22 18:41:31" runUser="Carmen-PC\Juan" xmlns="http://microsoft.com/schemas/VisualStudio/TeamTest/2010">
  <TestSettings name="Local" id="ad043c75-57be-47bc-afb9-2572485097f3">
    <Description>These are default test settings for a local test run.</Description>
    <Deployment enabled="false" runDeploymentRoot="Juan_CARMEN-PC 2014-11-22 18_41_31">
      <DeploymentItem filename="C:\Users\Juan\Documents\Visual Studio 2010\Projects\Class Libraries\CharacterSystemLibrary\CharacterSystemLibrary\bin\Debug\CharacterSystemLibrary.dll" />
    </Deployment>
    <Execution>
      <TestTypeSpecific />
      <AgentRule name="Execution Agents">
      </AgentRule>
    </Execution>
  </TestSettings>
  <Times creation="2014-11-22T18:41:31.0347861-05:00" queuing="2014-11-22T18:41:31.7558273-05:00" start="2014-11-22T18:41:31.9228369-05:00" finish="2014-11-22T18:41:33.0128992-05:00" />
  <ResultSummary outcome="Completed">
    <Counters total="1" executed="1" passed="1" error="0" failed="0" timeout="0" aborted="0" inconclusive="0" passedButRunAborted="0" notRunnable="0" notExecuted="0" disconnected="0" warning="0" completed="0" inProgress="0" pending="0" />
  </ResultSummary>
  <TestDefinitions>
    <UnitTest name="fromXmlTest" storage="c:\users\juan\documents\visual studio 2010\projects\class libraries\charactersystemlibrary\charactertests\bin\debug\charactertests.dll" id="7f819891-96e5-6458-32a7-c14d28042a6b">
      <Execution id="bfaca885-047b-4e93-84b7-9cb979671abd" />
      <TestMethod codeBase="C:/Users/Juan/Documents/Visual Studio 2010/Projects/Class Libraries/CharacterSystemLibrary/CharacterTests/bin/Debug/CharacterTests.DLL" adapterTypeName="Microsoft.VisualStudio.TestTools.TestTypes.Unit.UnitTestAdapter, Microsoft.VisualStudio.QualityTools.Tips.UnitTest.Adapter, Version=10.0.0.0, Culture=neutral, PublicKeyToken=b03f5f7f11d50a3a" className="CharacterTests.SkillTest, CharacterTests, Version=1.0.0.0, Culture=neutral, PublicKeyToken=null" name="fromXmlTest" />
    </UnitTest>
  </TestDefinitions>
  <TestLists>
    <TestList name="Results Not in a List" id="8c84fa94-04c1-424b-9868-57a2d4851a1d" />
    <TestList name="All Loaded Results" id="19431567-8539-422a-85d7-44ee4e166bda" />
  </TestLists>
  <TestEntries>
    <TestEntry testId="7f819891-96e5-6458-32a7-c14d28042a6b" executionId="bfaca885-047b-4e93-84b7-9cb979671abd" testListId="8c84fa94-04c1-424b-9868-57a2d4851a1d" />
  </TestEntries>
  <Results>
    <UnitTestResult executionId="bfaca885-047b-4e93-84b7-9cb979671abd" testId="7f819891-96e5-6458-32a7-c14d28042a6b" testName="fromXmlTest" computerName="CARMEN-PC" duration="00:00:00.4577483" startTime="2014-11-22T18:41:31.9618391-05:00" endTime="2014-11-22T18:41:32.9408951-05:00" testType="13cdc9d9-ddb5-4fa4-a97d-d965ccfc6d4b" outcome="Passed" testListId="8c84fa94-04c1-424b-9868-57a2d4851a1d" relativeResultsDirectory="bfaca885-047b-4e93-84b7-9cb979671abd">
    </UnitTestResult>
  </Results>
</TestRun>